2025-02-06 20:24:27,564 -  * Running on http://127.0.0.1:5000 (Press CTRL+C to quit)
2025-02-06 20:24:27,571 -  * Restarting with stat
2025-02-06 20:24:27,787 -  * Debugger is active!
2025-02-06 20:24:27,792 -  * Debugger PIN: 472-435-394
2025-02-06 20:27:37,168 -  * Detected change in 'F:\\Hope\\MVP\\backend\\mvp_server.py', reloading
2025-02-06 20:27:37,265 -  * Restarting with stat
2025-02-06 20:31:42,668 -  * Running on http://127.0.0.1:5000 (Press CTRL+C to quit)
2025-02-06 20:31:42,669 -  * Restarting with stat
2025-02-06 20:31:43,101 -  * Debugger is active!
2025-02-06 20:31:43,104 -  * Debugger PIN: 472-435-394
2025-02-06 20:34:04,140 -  * Running on http://127.0.0.1:5000 (Press CTRL+C to quit)
2025-02-06 20:34:04,141 -  * Restarting with stat
2025-02-06 20:34:04,548 -  * Debugger is active!
2025-02-06 20:34:04,550 -  * Debugger PIN: 472-435-394
2025-02-06 20:45:37,932 -  * Running on http://127.0.0.1:5000 (Press CTRL+C to quit)
2025-02-06 20:45:37,933 -  * Restarting with stat
2025-02-06 20:45:38,333 -  * Debugger is active!
2025-02-06 20:45:38,336 -  * Debugger PIN: 472-435-394
2025-02-06 21:00:42,999 -  * Running on http://127.0.0.1:5000 (Press CTRL+C to quit)
2025-02-06 21:00:43,000 -  * Restarting with stat
2025-02-06 21:00:43,387 -  * Debugger is active!
2025-02-06 21:00:43,389 -  * Debugger PIN: 472-435-394
2025-02-06 21:01:21,323 -  * Detected change in 'F:\\Hope\\MVP\\backend\\mvp_server.py', reloading
2025-02-06 21:01:21,406 -  * Restarting with stat
2025-02-06 21:01:21,479 -  * Detected change in 'F:\\Hope\\MVP\\backend\\mvp_server.py', reloading
2025-02-06 21:01:21,544 -  * Restarting with stat
2025-02-06 21:01:21,866 -  * Detected change in 'F:\\Hope\\MVP\\backend\\mvp_server.py', reloading
2025-02-06 21:01:21,941 -  * Restarting with stat
2025-02-06 21:01:22,063 -  * Detected change in 'f:\\Hope\\MVP\\backend\\mvp_server.py', reloading
2025-02-06 21:01:22,144 -  * Restarting with stat
2025-02-06 21:03:11,006 -  * Running on http://127.0.0.1:5000 (Press CTRL+C to quit)
2025-02-06 21:03:11,007 -  * Restarting with stat
2025-02-06 21:03:11,411 -  * Debugger is active!
2025-02-06 21:03:11,413 -  * Debugger PIN: 472-435-394
2025-02-06 21:03:43,486 -  * Detected change in 'F:\\Hope\\MVP\\backend\\mvp_server.py', reloading
2025-02-06 21:03:43,558 -  * Restarting with stat
2025-02-06 21:03:43,979 -  * Debugger is active!
2025-02-06 21:03:43,981 -  * Debugger PIN: 472-435-394
2025-02-06 21:03:49,000 -  * Detected change in 'F:\\Hope\\MVP\\backend\\mvp_server.py', reloading
2025-02-06 21:03:49,083 -  * Restarting with stat
2025-02-06 21:03:49,571 -  * Debugger is active!
2025-02-06 21:03:49,574 -  * Debugger PIN: 472-435-394
2025-02-06 21:15:14,132 -  * Detected change in 'F:\\Hope\\MVP\\backend\\mvp_server.py', reloading
2025-02-06 21:15:14,201 -  * Restarting with stat
2025-02-06 21:15:14,657 -  * Debugger is active!
2025-02-06 21:15:14,660 -  * Debugger PIN: 472-435-394
